{
  "stats": {
    "suites": 1,
    "tests": 7,
    "passes": 7,
    "pending": 0,
    "failures": 0,
    "start": "2022-12-25T00:11:21.233Z",
    "end": "2022-12-25T00:12:01.712Z",
    "duration": 40479,
    "testsRegistered": 7,
    "passPercent": 100,
    "pendingPercent": 0,
    "other": 0,
    "hasOther": false,
    "skipped": 0,
    "hasSkipped": false
  },
  "results": [
    {
      "uuid": "10010682-66cd-471f-a09b-634ea82207f3",
      "title": "",
      "fullFile": "cypress\\e2e\\createInvoice.cy.js",
      "file": "cypress\\e2e\\createInvoice.cy.js",
      "beforeHooks": [],
      "afterHooks": [],
      "tests": [],
      "suites": [
        {
          "uuid": "18b7c1ad-abb7-4267-8bfd-167de98b6288",
          "title": "Create Invoice",
          "fullFile": "",
          "file": "",
          "beforeHooks": [],
          "afterHooks": [],
          "tests": [
            {
              "title": "Log into the application",
              "fullTitle": "Create Invoice Log into the application",
              "timedOut": null,
              "duration": 5829,
              "state": "passed",
              "speed": "medium",
              "pass": true,
              "fail": false,
              "pending": false,
              "context": null,
              "code": "cy.get(\"h2\").contains(\"1st. Collect payments\").should(\"be.visible\");",
              "err": {},
              "uuid": "ec381944-0895-4fed-8b1d-9fbf2fc3c15e",
              "parentUUID": "18b7c1ad-abb7-4267-8bfd-167de98b6288",
              "isHook": false,
              "skipped": false
            },
            {
              "title": "It opens the payment page",
              "fullTitle": "Create Invoice It opens the payment page",
              "timedOut": null,
              "duration": 2593,
              "state": "passed",
              "speed": "fast",
              "pass": true,
              "fail": false,
              "pending": false,
              "context": null,
              "code": "createNewInvoice.accessPaymentPage();\ncy.get(\"h1\").contains(\"Payments\").should(\"be.visible\");",
              "err": {},
              "uuid": "ad7e99f6-fcbe-44fc-a994-15175c3fd356",
              "parentUUID": "18b7c1ad-abb7-4267-8bfd-167de98b6288",
              "isHook": false,
              "skipped": false
            },
            {
              "title": "It navigates to the invoice tab",
              "fullTitle": "Create Invoice It navigates to the invoice tab",
              "timedOut": null,
              "duration": 2759,
              "state": "passed",
              "speed": "fast",
              "pass": true,
              "fail": false,
              "pending": false,
              "context": null,
              "code": "createNewInvoice.accessPaymentPage();\ncreateNewInvoice.accessInvoiceTab();\ncy.get('span:contains(\"New invoice\")').should(\"be.visible\");",
              "err": {},
              "uuid": "40acf639-ac9a-4d3d-9584-ff0c6ce61a63",
              "parentUUID": "18b7c1ad-abb7-4267-8bfd-167de98b6288",
              "isHook": false,
              "skipped": false
            },
            {
              "title": "It navigates to the new invoice page",
              "fullTitle": "Create Invoice It navigates to the new invoice page",
              "timedOut": null,
              "duration": 3295,
              "state": "passed",
              "speed": "fast",
              "pass": true,
              "fail": false,
              "pending": false,
              "context": null,
              "code": "createNewInvoice.accessPaymentPage();\ncreateNewInvoice.accessInvoiceTab();\ncreateNewInvoice.accessNewInvoicePage();\ncy.get(\"h1\").contains(\"New invoice\").should(\"be.visible\");",
              "err": {},
              "uuid": "5503fd0a-5883-444d-9ddd-444d8e32ab09",
              "parentUUID": "18b7c1ad-abb7-4267-8bfd-167de98b6288",
              "isHook": false,
              "skipped": false
            },
            {
              "title": "Fill the new invoice form and generate invoice",
              "fullTitle": "Create Invoice Fill the new invoice form and generate invoice",
              "timedOut": null,
              "duration": 8055,
              "state": "passed",
              "speed": "medium",
              "pass": true,
              "fail": false,
              "pending": false,
              "context": null,
              "code": "createNewInvoice.accessPaymentPage();\ncreateNewInvoice.accessInvoiceTab();\ncreateNewInvoice.accessNewInvoicePage();\ncreateNewInvoice.fillInvoiceForm();\ncy.get(\"h3\").contains(\"Invoice confirmation\").should(\"be.visible\");",
              "err": {},
              "uuid": "57a2a57f-a813-481a-a7c9-18fe031296cf",
              "parentUUID": "18b7c1ad-abb7-4267-8bfd-167de98b6288",
              "isHook": false,
              "skipped": false
            },
            {
              "title": "Test that mail was delivered to recipient",
              "fullTitle": "Create Invoice Test that mail was delivered to recipient",
              "timedOut": null,
              "duration": 9715,
              "state": "passed",
              "speed": "medium",
              "pass": true,
              "fail": false,
              "pending": false,
              "context": null,
              "code": "createNewInvoice.accessPaymentPage();\ncreateNewInvoice.accessInvoiceTab();\ncreateNewInvoice.accessNewInvoicePage();\ncreateNewInvoice.fillInvoiceForm();\ncreateNewInvoice.sendInvoice();\ncy.get(\"h3\").contains(\"Invoice sent\").should(\"be.visible\");\ncreateNewInvoice.getPaymentLink();",
              "err": {},
              "uuid": "e7cbde9e-1e6f-4b93-ba8f-c16ac4ffd17b",
              "parentUUID": "18b7c1ad-abb7-4267-8bfd-167de98b6288",
              "isHook": false,
              "skipped": false
            },
            {
              "title": "Opens payment link sent to email address to verify that the payment page has the correct details",
              "fullTitle": "Create Invoice Opens payment link sent to email address to verify that the payment page has the correct details",
              "timedOut": null,
              "duration": 8050,
              "state": "passed",
              "speed": "medium",
              "pass": true,
              "fail": false,
              "pending": false,
              "context": null,
              "code": "createNewInvoice.verifyPaymentLinkDetails();\ncy.get(\".Details_storeName__3iENh\").contains(storeName).should(\"be.visible\");\ncy.get(\".List_root__3LLI7 > div\").contains(paymentDescription).should(\"be.visible\");\ncy.get(\".Details_totalFiat__1Dk90\").contains(fiatAmount).should(\"be.visible\");",
              "err": {},
              "uuid": "bfa6d347-0c3d-4558-8532-c80e0c6e4f64",
              "parentUUID": "18b7c1ad-abb7-4267-8bfd-167de98b6288",
              "isHook": false,
              "skipped": false
            }
          ],
          "suites": [],
          "passes": [
            "ec381944-0895-4fed-8b1d-9fbf2fc3c15e",
            "ad7e99f6-fcbe-44fc-a994-15175c3fd356",
            "40acf639-ac9a-4d3d-9584-ff0c6ce61a63",
            "5503fd0a-5883-444d-9ddd-444d8e32ab09",
            "57a2a57f-a813-481a-a7c9-18fe031296cf",
            "e7cbde9e-1e6f-4b93-ba8f-c16ac4ffd17b",
            "bfa6d347-0c3d-4558-8532-c80e0c6e4f64"
          ],
          "failures": [],
          "pending": [],
          "skipped": [],
          "duration": 40296,
          "root": false,
          "rootEmpty": false,
          "_timeout": 2000
        }
      ],
      "passes": [],
      "failures": [],
      "pending": [],
      "skipped": [],
      "duration": 0,
      "root": true,
      "rootEmpty": true,
      "_timeout": 2000
    }
  ],
  "meta": {
    "mocha": {
      "version": "7.0.1"
    },
    "mochawesome": {
      "options": {
        "quiet": false,
        "reportFilename": "mochawesome",
        "saveHtml": true,
        "saveJson": true,
        "consoleReporter": "spec",
        "useInlineDiffs": false,
        "code": true
      },
      "version": "7.1.3"
    },
    "marge": {
      "options": null,
      "version": "6.2.0"
    }
  }
}